февр. 22, 2020 3:23:07 AM TicTacToe main
INFO: Info about moves!
февр. 22, 2020 3:23:08 AM TicTacToe main
INFO: a1	
февр. 22, 2020 3:23:08 AM TicTacToe main
INFO: a2	
февр. 22, 2020 3:23:08 AM TicTacToe main
INFO: a3	
февр. 22, 2020 3:23:08 AM TicTacToe main
INFO: b1	
февр. 22, 2020 3:23:08 AM TicTacToe main
INFO: b2	
февр. 22, 2020 3:23:08 AM TicTacToe main
INFO: b3	
февр. 22, 2020 3:23:08 AM TicTacToe main
INFO: c1	
февр. 22, 2020 3:23:08 AM TicTacToe main
INFO: c2	
февр. 22, 2020 3:23:08 AM TicTacToe main
INFO: c3	
февр. 22, 2020 3:23:08 AM TicTacToe main
INFO: Game start!
февр. 22, 2020 3:23:31 AM TicTacToe main
INFO: First player win!
февр. 22, 2020 3:23:31 AM TicTacToe main
INFO: Game Over!
